2024-05-11 01:38:59,295 - core.middleware - INFO - Database Connection Successfull
2024-05-11 01:39:54,120 - core.middleware - INFO - Database Connection Successfull
 core.middleware - 2024-05-11 01:40:18,475 - INFO - Database Connection Successfull
 INFO - core.middleware - 2024-05-11 01:40:35,330 -  Database Connection Successfull
 ERROR - core.middleware - 2024-05-11 01:45:44,293 -  Database connection failed (Attempts: 1/3)
 ERROR - core.middleware - 2024-05-11 01:45:44,293 -  Error: connection to server at "localhost" (::1), port 5432 failed: FATAL:  database "blogging-system" does not exist

 ERROR - core.middleware - 2024-05-11 01:45:47,311 -  Database connection failed (Attempts: 2/3)
 ERROR - core.middleware - 2024-05-11 01:45:47,311 -  Error: connection to server at "localhost" (::1), port 5432 failed: FATAL:  database "blogging-system" does not exist

 ERROR - core.middleware - 2024-05-11 01:45:50,327 -  Database connection failed (Attempts: 3/3)
 ERROR - core.middleware - 2024-05-11 01:45:50,327 -  Error: connection to server at "localhost" (::1), port 5432 failed: FATAL:  database "blogging-system" does not exist

 ERROR - core.middleware - 2024-05-11 01:45:53,332 -  Failed to establish database connection after 3 attempts
 ERROR - core.middleware - 2024-05-11 01:46:48,414 -  Database connection failed (Attempts: 1/3)
 ERROR - core.middleware - 2024-05-11 01:46:48,414 -  Error: connection to server at "localhost" (::1), port 5432 failed: FATAL:  database "blogging-system" does not exist

 ERROR - core.middleware - 2024-05-11 01:46:51,432 -  Database connection failed (Attempts: 2/3)
 ERROR - core.middleware - 2024-05-11 01:46:51,432 -  Error: connection to server at "localhost" (::1), port 5432 failed: FATAL:  database "blogging-system" does not exist

 ERROR - core.middleware - 2024-05-11 01:46:54,451 -  Database connection failed (Attempts: 3/3)
 ERROR - core.middleware - 2024-05-11 01:46:54,451 -  Error: connection to server at "localhost" (::1), port 5432 failed: FATAL:  database "blogging-system" does not exist

 ERROR - core.middleware - 2024-05-11 01:46:57,455 -  Failed to establish database connection after 3 attempts
 ERROR - core.middleware - 2024-05-11 01:48:29,303 -  Database connection failed (Attempts: 1/3)
 ERROR - core.middleware - 2024-05-11 01:48:29,303 -  Error: connection to server at "localhost" (::1), port 5432 failed: FATAL:  database "blogging-system" does not exist

 ERROR - core.middleware - 2024-05-11 01:48:32,326 -  Database connection failed (Attempts: 2/3)
 ERROR - core.middleware - 2024-05-11 01:48:32,326 -  Error: connection to server at "localhost" (::1), port 5432 failed: FATAL:  database "blogging-system" does not exist

 ERROR - core.middleware - 2024-05-11 01:48:35,346 -  Database connection failed (Attempts: 3/3)
 ERROR - core.middleware - 2024-05-11 01:48:35,346 -  Error: connection to server at "localhost" (::1), port 5432 failed: FATAL:  database "blogging-system" does not exist

 ERROR - core.middleware - 2024-05-11 01:48:38,347 -  Failed to establish database connection after 3 attempts
 ERROR - core.middleware - 2024-05-11 01:48:58,288 -  Database connection failed (Attempts: 1/3)
 ERROR - core.middleware - 2024-05-11 01:48:58,289 -  Error: connection to server at "localhost" (::1), port 5432 failed: FATAL:  database "blogging-system" does not exist

 ERROR - core.middleware - 2024-05-11 01:49:03,309 -  Database connection failed (Attempts: 2/3)
 ERROR - core.middleware - 2024-05-11 01:49:03,309 -  Error: connection to server at "localhost" (::1), port 5432 failed: FATAL:  database "blogging-system" does not exist

 ERROR - core.middleware - 2024-05-11 01:49:08,327 -  Database connection failed (Attempts: 3/3)
 ERROR - core.middleware - 2024-05-11 01:49:08,327 -  Error: connection to server at "localhost" (::1), port 5432 failed: FATAL:  database "blogging-system" does not exist

 ERROR - core.middleware - 2024-05-11 01:49:13,329 -  Failed to establish database connection after 3 attempts
 INFO - core.middleware - 2024-05-11 01:53:23,449 -  Database Connection Successfull
 INFO - core.middleware - 2024-05-11 01:57:29,753 -  Database Connection Successfull
 INFO - core.middleware - 2024-05-11 01:58:30,995 -  Database Connection Successfull
 INFO - core.middleware - 2024-05-11 02:01:03,934 -  Database Connection Successfull
 INFO - core.middleware - 2024-05-11 02:04:02,551 -  Database Connection Successfull
 INFO - core.middleware - 2024-05-11 02:04:34,573 -  Database Connection Successfull
 INFO - core.middleware - 2024-05-11 02:06:41,077 -  Database Connection Successfull
 INFO - core.middleware - 2024-05-11 02:07:09,562 -  Database Connection Successfull
 INFO - core.middleware - 2024-05-11 02:07:11,573 -  Database Connection Successfull
 INFO - core.middleware - 2024-05-11 02:07:26,700 -  Database Connection Successfull
 INFO - core.middleware - 2024-05-11 02:10:30,224 -  Database Connection Successfull
 INFO - core.middleware - 2024-05-11 02:10:48,662 -  Database Connection Successfull
 INFO - core.middleware - 2024-05-11 02:16:36,139 -  Database Connection Successfull
 INFO - core.middleware - 2024-05-11 02:17:20,573 -  Database Connection Successfull
 INFO - core.middleware - 2024-05-11 02:17:56,832 -  Database Connection Successfull
 INFO - core.middleware - 2024-05-11 02:24:13,966 -  Database Connection Successfull
 INFO - core.middleware - 2024-05-11 02:25:26,124 -  Database Connection Successfull
 INFO - core.middleware - 2024-05-11 02:27:18,429 -  Database Connection Successfull
 INFO - core.middleware - 2024-05-11 02:30:20,303 -  Database Connection Successfull
 INFO - core.middleware - 2024-05-11 02:35:30,687 -  Database Connection Successfull
 INFO - core.middleware - 2024-05-11 02:36:11,138 -  Database Connection Successfull
 INFO - core.middleware - 2024-05-11 02:38:04,509 -  Database Connection Successfull
 INFO - core.middleware - 2024-05-11 03:06:34,696 -  Database Connection Successfull
 INFO - core.middleware - 2024-05-11 03:06:53,254 -  Database Connection Successfull
 INFO - core.middleware - 2024-05-11 03:09:56,733 -  Database Connection Successfull
 INFO - core.middleware - 2024-05-11 03:10:16,442 -  Database Connection Successfull
 INFO - core.middleware - 2024-05-12 02:44:13,974 -  Database Connection Successfull
 INFO - core.middleware - 2024-05-12 02:44:29,366 -  Database Connection Successfull
 INFO - core.middleware - 2024-05-12 02:45:59,646 -  Database Connection Successfull
 INFO - core.middleware - 2024-05-12 02:46:43,886 -  Database Connection Successfull
 INFO - core.middleware - 2024-05-12 02:47:22,774 -  Database Connection Successfull
 INFO - core.middleware - 2024-05-12 02:48:41,646 -  Database Connection Successfull
 INFO - core.middleware - 2024-05-12 02:50:26,819 -  Database Connection Successfull
 INFO - core.middleware - 2024-05-12 02:51:50,573 -  Database Connection Successfull
 INFO - core.middleware - 2024-05-12 02:53:44,719 -  Database Connection Successfull
 INFO - core.middleware - 2024-05-12 02:54:25,063 -  Database Connection Successfull
 INFO - core.middleware - 2024-05-12 02:55:14,331 -  Database Connection Successfull
 INFO - core.middleware - 2024-05-12 02:55:51,547 -  Database Connection Successfull
 INFO - core.middleware - 2024-05-12 02:56:07,682 -  Database Connection Successfull
 INFO - core.middleware - 2024-05-12 02:56:27,536 -  Database Connection Successfull
 INFO - core.middleware - 2024-05-12 02:57:00,821 -  Database Connection Successfull
 INFO - core.middleware - 2024-05-12 02:58:05,464 -  Database Connection Successfull
 INFO - core.middleware - 2024-05-12 02:59:12,508 -  Database Connection Successfull
 INFO - core.middleware - 2024-05-12 02:59:31,757 -  Database Connection Successfull
 INFO - core.middleware - 2024-05-12 03:00:30,583 -  Database Connection Successfull
 INFO - core.middleware - 2024-05-12 03:01:07,453 -  Database Connection Successfull
 INFO - core.middleware - 2024-05-12 03:06:39,168 -  Database Connection Successfull
 INFO - core.middleware - 2024-05-12 03:07:24,410 -  Database Connection Successfull
 INFO - core.middleware - 2024-05-12 03:08:05,849 -  Database Connection Successfull
 INFO - core.middleware - 2024-05-12 03:08:41,306 -  Database Connection Successfull
 INFO - core.middleware - 2024-05-12 03:09:14,325 -  Database Connection Successfull
 INFO - core.middleware - 2024-05-12 03:09:30,398 -  Database Connection Successfull
 INFO - core.middleware - 2024-05-12 03:10:04,741 -  Database Connection Successfull
 INFO - core.middleware - 2024-05-12 03:10:21,449 -  Database Connection Successfull
 INFO - core.middleware - 2024-05-12 03:10:57,633 -  Database Connection Successfull
 INFO - core.middleware - 2024-05-12 03:11:29,309 -  Database Connection Successfull
 INFO - core.middleware - 2024-05-12 03:11:33,766 -  Database Connection Successfull
 INFO - core.middleware - 2024-05-12 03:12:06,219 -  Database Connection Successfull
 INFO - core.middleware - 2024-05-12 03:16:07,286 -  Database Connection Successfull
 INFO - core.middleware - 2024-05-12 03:16:43,915 -  Database Connection Successfull
 INFO - core.middleware - 2024-05-12 03:17:35,428 -  Database Connection Successfull
 INFO - core.middleware - 2024-05-12 03:17:49,415 -  Database Connection Successfull
 INFO - core.middleware - 2024-05-12 03:20:07,301 -  Database Connection Successfull
 INFO - core.middleware - 2024-05-12 03:21:00,737 -  Database Connection Successfull
 INFO - core.middleware - 2024-05-12 03:22:09,937 -  Database Connection Successfull
 INFO - core.middleware - 2024-05-12 03:22:51,290 -  Database Connection Successfull
 INFO - core.middleware - 2024-05-12 03:22:57,250 -  Database Connection Successfull
 INFO - core.middleware - 2024-05-12 03:24:51,011 -  Database Connection Successfull
 INFO - core.middleware - 2024-05-12 03:25:14,801 -  Database Connection Successfull
 INFO - core.middleware - 2024-05-12 03:26:39,539 -  Database Connection Successfull
 INFO - core.middleware - 2024-05-12 03:26:50,504 -  Database Connection Successfull
 INFO - core.middleware - 2024-05-12 03:27:21,961 -  Database Connection Successfull
 INFO - core.middleware - 2024-05-12 03:27:53,362 -  Database Connection Successfull
 INFO - core.middleware - 2024-05-12 03:28:10,525 -  Database Connection Successfull
 INFO - core.middleware - 2024-05-12 03:30:33,416 -  Database Connection Successfull
 INFO - core.middleware - 2024-05-12 03:31:31,624 -  Database Connection Successfull
 INFO - core.middleware - 2024-05-12 03:33:48,038 -  Database Connection Successfull
 INFO - core.middleware - 2024-05-12 03:34:22,192 -  Database Connection Successfull
 INFO - core.middleware - 2024-05-12 03:44:13,374 -  Database Connection Successfull
 INFO - core.middleware - 2024-05-12 03:44:29,687 -  Database Connection Successfull
 INFO - core.middleware - 2024-05-12 03:45:21,130 -  Database Connection Successfull
 INFO - core.middleware - 2024-05-12 03:45:37,124 -  Database Connection Successfull
 INFO - core.middleware - 2024-05-12 03:58:47,524 -  Database Connection Successfull
 INFO - core.middleware - 2024-05-12 04:00:50,431 -  Database Connection Successfull
 INFO - core.middleware - 2024-05-12 04:02:31,370 -  Database Connection Successfull
 INFO - core.middleware - 2024-05-12 04:03:21,487 -  Database Connection Successfull
 INFO - core.middleware - 2024-05-12 04:04:17,358 -  Database Connection Successfull
 INFO - core.middleware - 2024-05-12 04:04:29,431 -  Database Connection Successfull
 INFO - core.middleware - 2024-05-12 04:07:43,759 -  Database Connection Successfull
 INFO - core.middleware - 2024-05-12 04:07:57,236 -  Database Connection Successfull
 INFO - core.middleware - 2024-05-12 04:09:05,115 -  Database Connection Successfull
 INFO - core.middleware - 2024-05-12 04:09:46,206 -  Database Connection Successfull
 INFO - core.middleware - 2024-05-12 04:09:57,507 -  Database Connection Successfull
